[INFO ] 14-06-2024 21:11:49 [main] LoggerLoad - =================================================================================================
[INFO ] 14-06-2024 21:11:49 [main] LoggerLoad - ****** EXECTION STARTED ******
[INFO ] 14-06-2024 21:11:49 [main] LoggerLoad - ****** Browser Opened and Page loaded Successfully ******
[INFO ] 14-06-2024 21:12:03 [main] LoggerLoad - ****** Contacts Created Successfully ******
[INFO ] 14-06-2024 21:12:05 [main] LoggerLoad - ****** LogOut the Application Successfully ******
[INFO ] 14-06-2024 21:12:05 [main] LoggerLoad - ****** Browser tabs Closed Successfully ******
[INFO ] 14-06-2024 21:12:05 [main] LoggerLoad - ****** EXECTION COMPLETED ******
[INFO ] 14-06-2024 21:12:05 [main] LoggerLoad - =================================================================================================
[INFO ] 14-06-2024 21:12:05 [main] LoggerLoad - +++++++++++++++++++++++++++++++++++++++++++++++++++++++++++++++++++++++++++++++++++++++++++++++++
[INFO ] 14-06-2024 21:12:07 [main] LoggerLoad - =================================================================================================
[INFO ] 14-06-2024 21:12:07 [main] LoggerLoad - ****** EXECTION STARTED ******
[INFO ] 14-06-2024 21:12:07 [main] LoggerLoad - ****** Browser Opened and Page loaded Successfully ******
[INFO ] 14-06-2024 21:12:20 [main] LoggerLoad - ****** Contacts Created Successfully ******
[INFO ] 14-06-2024 21:12:23 [main] LoggerLoad - ****** LogOut the Application Successfully ******
[INFO ] 14-06-2024 21:12:23 [main] LoggerLoad - ****** Browser tabs Closed Successfully ******
[INFO ] 14-06-2024 21:12:23 [main] LoggerLoad - ****** EXECTION COMPLETED ******
[INFO ] 14-06-2024 21:12:23 [main] LoggerLoad - =================================================================================================
[INFO ] 14-06-2024 21:12:23 [main] LoggerLoad - +++++++++++++++++++++++++++++++++++++++++++++++++++++++++++++++++++++++++++++++++++++++++++++++++
[INFO ] 14-06-2024 21:12:24 [main] LoggerLoad - =================================================================================================
[INFO ] 14-06-2024 21:12:24 [main] LoggerLoad - ****** EXECTION STARTED ******
[INFO ] 14-06-2024 21:12:24 [main] LoggerLoad - ****** Browser Opened and Page loaded Successfully ******
[INFO ] 14-06-2024 21:12:38 [main] LoggerLoad - ****** Contacts Created Successfully ******
[INFO ] 14-06-2024 21:12:41 [main] LoggerLoad - ****** LogOut the Application Successfully ******
[INFO ] 14-06-2024 21:12:41 [main] LoggerLoad - ****** Browser tabs Closed Successfully ******
[INFO ] 14-06-2024 21:12:41 [main] LoggerLoad - ****** EXECTION COMPLETED ******
[INFO ] 14-06-2024 21:12:41 [main] LoggerLoad - =================================================================================================
[INFO ] 14-06-2024 21:12:41 [main] LoggerLoad - +++++++++++++++++++++++++++++++++++++++++++++++++++++++++++++++++++++++++++++++++++++++++++++++++
[INFO ] 14-06-2024 21:12:43 [main] LoggerLoad - =================================================================================================
[INFO ] 14-06-2024 21:12:43 [main] LoggerLoad - ****** EXECTION STARTED ******
[INFO ] 14-06-2024 21:12:43 [main] LoggerLoad - ****** Browser Opened and Page loaded Successfully ******
[INFO ] 14-06-2024 21:12:56 [main] LoggerLoad - ****** Contacts Created Successfully ******
[INFO ] 14-06-2024 21:12:59 [main] LoggerLoad - ****** LogOut the Application Successfully ******
[INFO ] 14-06-2024 21:12:59 [main] LoggerLoad - ****** Browser tabs Closed Successfully ******
[INFO ] 14-06-2024 21:12:59 [main] LoggerLoad - ****** EXECTION COMPLETED ******
[INFO ] 14-06-2024 21:12:59 [main] LoggerLoad - =================================================================================================
[INFO ] 14-06-2024 21:12:59 [main] LoggerLoad - +++++++++++++++++++++++++++++++++++++++++++++++++++++++++++++++++++++++++++++++++++++++++++++++++
